<?xml version="1.0" encoding="UTF-8"?>
<beans xmlns="http://www.springframework.org/schema/beans"
	xmlns:xsi="http://www.w3.org/2001/XMLSchema-instance" xmlns:context="http://www.springframework.org/schema/context"
	xmlns:jpa="http://www.springframework.org/schema/data/jpa" xmlns:p="http://www.springframework.org/schema/p"
	xmlns:tx="http://www.springframework.org/schema/tx"
	xsi:schemaLocation="
      http://www.springframework.org/schema/beans http://www.springframework.org/schema/beans/spring-beans-4.0.xsd
      http://www.springframework.org/schema/context http://www.springframework.org/schema/context/spring-context-4.0.xsd
      http://www.springframework.org/schema/data/jpa http://www.springframework.org/schema/data/jpa/spring-jpa.xsd
      http://www.springframework.org/schema/tx
      http://www.springframework.org/schema/tx/spring-tx.xsd">


	<context:property-placeholder location="classpath:database/test-obapplication.properties" />

	<bean id="restTemplate" class="org.springframework.web.client.RestTemplate">
		<property name="errorHandler" ref="restResponseErrorHandler"></property>
		<property name="messageConverters">
	        <list>
	            <bean class="org.springframework.http.converter.StringHttpMessageConverter"/>
                <bean class="org.springframework.http.converter.FormHttpMessageConverter"/>
	            <bean class="org.springframework.http.converter.ByteArrayHttpMessageConverter">
	            	<property name="supportedMediaTypes">
	                    <list>
	                        <value>application/pdf</value>
	                    </list>
	                </property>
	            </bean>
	            <bean class="org.springframework.http.converter.xml.SourceHttpMessageConverter"/>
	            
	            <!-- This must come after our image converter -->
                <bean class="org.springframework.http.converter.json.MappingJacksonHttpMessageConverter"/>
                <bean class="org.springframework.http.converter.xml.SourceHttpMessageConverter"/>

                <!-- Converter for images -->
                <bean class="org.springframework.http.converter.BufferedImageHttpMessageConverter"/>
	        </list>
	    </property>
	</bean>

	<bean id="restResponseErrorHandler"
		class="com.oceanbank.webapp.common.handler.RestResponseErrorHandler" />

	<bean id="objectMapper" class="com.fasterxml.jackson.databind.ObjectMapper" />
	
	<bean id="oauthAccessToken"
		class="com.oceanbank.webapp.restoauth.model.RestOauthAccessToken">
		<property name="accessToken" value="${oauth.accesstoken.test}"></property>
		<property name="restApi" value="${oauth.restApi.dev}"></property>

	</bean>
	
</beans>